<?xml version="1.0" encoding="UTF-8"?>
<testsuites name="Mocha Tests" time="6.280" tests="1" failures="1">
  <testsuite name="Root Suite" timestamp="2022-12-22T14:58:14" tests="0" file="cypress\e2e\fhg1088-showfilteroption.feature" time="0.000" failures="0">
  </testsuite>
  <testsuite name="Search Results Tests" timestamp="2022-12-22T14:58:14" tests="1" time="6.165" failures="1">
    <testcase name="Search Results Tests search using valid postcode should return a valid results" time="0.000" classname="search using valid postcode should return a valid results">
      <failure message="Timed out retrying after 4000ms: Expected to find element: `[data-testid=&quot;show-filters-button&quot;]`, but never found it." type="AssertionError"><![CDATA[AssertionError: Timed out retrying after 4000ms: Expected to find element: `[data-testid="show-filters-button"]`, but never found it.
    at Context.eval (webpack://fh-referral-ui/./cypress/e2e/fhg1088-showfilteroption.js:21:0)
    at Registry.runStepDefininition (webpack://fh-referral-ui/./node_modules/@badeball/cypress-cucumber-preprocessor/lib/registry.js:106:0)
    at Context.eval (webpack://fh-referral-ui/./node_modules/@badeball/cypress-cucumber-preprocessor/lib/create-tests.js:327:0)]]></failure>
    </testcase>
  </testsuite>
</testsuites>