<?xml version="1.0" encoding="UTF-8"?>
<testsuites name="Mocha Tests" time="12.701" tests="6" failures="0">
  <testsuite name="Root Suite" timestamp="2022-12-22T14:58:54" tests="0" file="cypress\e2e\fhg540_filterbydeliverymethod.feature" time="0.000" failures="0">
  </testsuite>
  <testsuite name="Filter Local Offer Search Results By Delivery methods Tests" timestamp="2022-12-22T14:58:54" tests="6" time="12.661" failures="0">
    <testcase name="Filter Local Offer Search Results By Delivery methods Tests delivery methods filters should exist" time="1.822" classname="delivery methods filters should exist">
    </testcase>
    <testcase name="Filter Local Offer Search Results By Delivery methods Tests show local services that offer online services" time="2.584" classname="show local services that offer online services">
    </testcase>
    <testcase name="Filter Local Offer Search Results By Delivery methods Tests show local services that offer in-person services" time="2.015" classname="show local services that offer in-person services">
    </testcase>
    <testcase name="Filter Local Offer Search Results By Delivery methods Tests show local services that offer telephone services" time="1.586" classname="show local services that offer telephone services">
    </testcase>
    <testcase name="Filter Local Offer Search Results By Delivery methods Tests show local services that offer both in-person and online services" time="2.535" classname="show local services that offer both in-person and online services">
    </testcase>
    <testcase name="Filter Local Offer Search Results By Delivery methods Tests show local services that offer all three delivery methods" time="1.973" classname="show local services that offer all three delivery methods">
    </testcase>
  </testsuite>
</testsuites>