{
  "stats": {
    "suites": 1,
    "tests": 4,
    "passes": 4,
    "pending": 0,
    "failures": 0,
    "start": "2022-12-22T14:58:31.850Z",
    "end": "2022-12-22T14:58:39.688Z",
    "duration": 7838,
    "testsRegistered": 4,
    "passPercent": 100,
    "pendingPercent": 0,
    "other": 0,
    "hasOther": false,
    "skipped": 0,
    "hasSkipped": false
  },
  "results": [
    {
      "uuid": "86e21603-83fd-40e9-9542-9b19eea838bb",
      "title": "",
      "fullFile": "cypress\\e2e\\fhg1397_PhoneEmailAddressWebsite.feature",
      "file": "cypress\\e2e\\fhg1397_PhoneEmailAddressWebsite.feature",
      "beforeHooks": [],
      "afterHooks": [],
      "tests": [],
      "suites": [
        {
          "uuid": "6ec06b11-30f1-44d8-ba57-59c3e120f731",
          "title": "Search Results Details Should contain Phone, Email, Address and website data",
          "fullFile": "",
          "file": "",
          "beforeHooks": [],
          "afterHooks": [],
          "tests": [
            {
              "title": "Search Details contains Phone field",
              "fullTitle": "Search Results Details Should contain Phone, Email, Address and website data Search Details contains Phone field",
              "timedOut": null,
              "duration": 3017,
              "state": "passed",
              "speed": "fast",
              "pass": true,
              "fail": false,
              "pending": false,
              "context": null,
              "code": "var _a, _b, _c, _d, _e;\nconst { remainingSteps, testCaseStartedId } = retrieveInternalProperties();\n(0, registry_1.assignRegistry)(registry);\nmessages.stack.push({\n    testCaseStarted: {\n        id: testCaseStartedId,\n        testCaseId,\n        attempt: attempt++,\n        timestamp: createTimestamp(),\n    },\n});\nwindow.testState = {\n    gherkinDocument,\n    pickles,\n    pickle,\n};\nfor (const step of steps) {\n    if (step.hook) {\n        const hook = step.hook;\n        cy.then(() => {\n            Cypress.log({\n                name: \"step\",\n                displayName: hook.keyword,\n                message: \"\",\n            });\n            const start = createTimestamp();\n            messages.stack.push({\n                testStepStarted: {\n                    testStepId: hook.id,\n                    testCaseStartedId,\n                    timestamp: start,\n                },\n            });\n            if (messages.enabled) {\n                cy.task(constants_1.TASK_TEST_STEP_STARTED, hook.id, { log: false });\n            }\n            return cy.wrap(start, { log: false });\n        })\n            .then((start) => {\n            registry.runHook(this, hook);\n            return cy.wrap(start, { log: false });\n        })\n            .then((start) => {\n            const end = createTimestamp();\n            messages.stack.push({\n                testStepFinished: {\n                    testStepId: hook.id,\n                    testCaseStartedId,\n                    testStepResult: {\n                        status: Status.Passed,\n                        duration: duration(start, end),\n                    },\n                    timestamp: end,\n                },\n            });\n            remainingSteps.shift();\n        });\n    }\n    else if (step.pickleStep) {\n        const pickleStep = step.pickleStep;\n        const text = (0, assertions_1.assertAndReturn)(pickleStep.text, \"Expected pickle step to have a text\");\n        const scenarioStep = (0, assertions_1.assertAndReturn)(astIdMap.get((0, assertions_1.assertAndReturn)((_a = pickleStep.astNodeIds) === null || _a === void 0 ? void 0 : _a[0], \"Expected to find at least one astNodeId\")), `Expected to find scenario step associated with id = ${(_b = pickleStep.astNodeIds) === null || _b === void 0 ? void 0 : _b[0]}`);\n        cy.then(() => {\n            Cypress.log({\n                name: \"step\",\n                displayName: (0, assertions_1.assertAndReturn)(\"keyword\" in scenarioStep && scenarioStep.keyword, \"Expected to find a keyword in the scenario step\"),\n                message: text,\n            });\n        });\n        const argument = ((_c = pickleStep.argument) === null || _c === void 0 ? void 0 : _c.dataTable)\n            ? new data_table_1.default(pickleStep.argument.dataTable)\n            : ((_e = (_d = pickleStep.argument) === null || _d === void 0 ? void 0 : _d.docString) === null || _e === void 0 ? void 0 : _e.content)\n                ? pickleStep.argument.docString.content\n                : undefined;\n        cy.then(() => {\n            internalProperties.currentStep = { pickleStep };\n            const start = createTimestamp();\n            messages.stack.push({\n                testStepStarted: {\n                    testStepId: pickleStep.id,\n                    testCaseStartedId,\n                    timestamp: start,\n                },\n            });\n            if (messages.enabled) {\n                cy.task(constants_1.TASK_TEST_STEP_STARTED, pickleStep.id, { log: false });\n            }\n            return cy.wrap(start, { log: false });\n        })\n            .then((start) => {\n            const ensureChain = (value) => Cypress.isCy(value) ? value : cy.wrap(value, { log: false });\n            try {\n                return ensureChain(registry.runStepDefininition(this, text, argument)).then((result) => {\n                    return {\n                        start,\n                        result,\n                    };\n                });\n            }\n            catch (e) {\n                if (e instanceof registry_1.MissingDefinitionError) {\n                    throw new Error(createMissingStepDefinitionMessage(context, text));\n                }\n                else {\n                    throw e;\n                }\n            }\n        })\n            .then(({ start, result }) => {\n            var _a, _b, _c;\n            const end = createTimestamp();\n            if (result === \"pending\") {\n                messages.stack.push({\n                    testStepFinished: {\n                        testStepId: pickleStep.id,\n                        testCaseStartedId,\n                        testStepResult: {\n                            status: Status.Pending,\n                            duration: duration(start, end),\n                        },\n                        timestamp: end,\n                    },\n                });\n                remainingSteps.shift();\n                for (const skippedStep of remainingSteps) {\n                    const testStepId = (0, assertions_1.assertAndReturn)((_b = (_a = skippedStep.hook) === null || _a === void 0 ? void 0 : _a.id) !== null && _b !== void 0 ? _b : (_c = skippedStep.pickleStep) === null || _c === void 0 ? void 0 : _c.id, \"Expected a step to either be a hook or a pickleStep\");\n                    messages.stack.push({\n                        testStepStarted: {\n                            testStepId,\n                            testCaseStartedId,\n                        },\n                    });\n                    messages.stack.push({\n                        testStepFinished: {\n                            testStepId,\n                            testCaseStartedId,\n                            testStepResult: {\n                                status: Status.Skipped,\n                            },\n                        },\n                    });\n                }\n                for (let i = 0, count = remainingSteps.length; i < count; i++) {\n                    remainingSteps.pop();\n                }\n                this.skip();\n            }\n            else {\n                messages.stack.push({\n                    testStepFinished: {\n                        testStepId: pickleStep.id,\n                        testCaseStartedId,\n                        testStepResult: {\n                            status: Status.Passed,\n                            duration: duration(start, end),\n                        },\n                        timestamp: end,\n                    },\n                });\n                remainingSteps.shift();\n            }\n        });\n    }\n}",
              "err": {},
              "uuid": "28cd7c9c-915f-4317-b6a8-cbb0b765950f",
              "parentUUID": "6ec06b11-30f1-44d8-ba57-59c3e120f731",
              "isHook": false,
              "skipped": false
            },
            {
              "title": "Search Details contains Email field",
              "fullTitle": "Search Results Details Should contain Phone, Email, Address and website data Search Details contains Email field",
              "timedOut": null,
              "duration": 1833,
              "state": "passed",
              "speed": "fast",
              "pass": true,
              "fail": false,
              "pending": false,
              "context": null,
              "code": "var _a, _b, _c, _d, _e;\nconst { remainingSteps, testCaseStartedId } = retrieveInternalProperties();\n(0, registry_1.assignRegistry)(registry);\nmessages.stack.push({\n    testCaseStarted: {\n        id: testCaseStartedId,\n        testCaseId,\n        attempt: attempt++,\n        timestamp: createTimestamp(),\n    },\n});\nwindow.testState = {\n    gherkinDocument,\n    pickles,\n    pickle,\n};\nfor (const step of steps) {\n    if (step.hook) {\n        const hook = step.hook;\n        cy.then(() => {\n            Cypress.log({\n                name: \"step\",\n                displayName: hook.keyword,\n                message: \"\",\n            });\n            const start = createTimestamp();\n            messages.stack.push({\n                testStepStarted: {\n                    testStepId: hook.id,\n                    testCaseStartedId,\n                    timestamp: start,\n                },\n            });\n            if (messages.enabled) {\n                cy.task(constants_1.TASK_TEST_STEP_STARTED, hook.id, { log: false });\n            }\n            return cy.wrap(start, { log: false });\n        })\n            .then((start) => {\n            registry.runHook(this, hook);\n            return cy.wrap(start, { log: false });\n        })\n            .then((start) => {\n            const end = createTimestamp();\n            messages.stack.push({\n                testStepFinished: {\n                    testStepId: hook.id,\n                    testCaseStartedId,\n                    testStepResult: {\n                        status: Status.Passed,\n                        duration: duration(start, end),\n                    },\n                    timestamp: end,\n                },\n            });\n            remainingSteps.shift();\n        });\n    }\n    else if (step.pickleStep) {\n        const pickleStep = step.pickleStep;\n        const text = (0, assertions_1.assertAndReturn)(pickleStep.text, \"Expected pickle step to have a text\");\n        const scenarioStep = (0, assertions_1.assertAndReturn)(astIdMap.get((0, assertions_1.assertAndReturn)((_a = pickleStep.astNodeIds) === null || _a === void 0 ? void 0 : _a[0], \"Expected to find at least one astNodeId\")), `Expected to find scenario step associated with id = ${(_b = pickleStep.astNodeIds) === null || _b === void 0 ? void 0 : _b[0]}`);\n        cy.then(() => {\n            Cypress.log({\n                name: \"step\",\n                displayName: (0, assertions_1.assertAndReturn)(\"keyword\" in scenarioStep && scenarioStep.keyword, \"Expected to find a keyword in the scenario step\"),\n                message: text,\n            });\n        });\n        const argument = ((_c = pickleStep.argument) === null || _c === void 0 ? void 0 : _c.dataTable)\n            ? new data_table_1.default(pickleStep.argument.dataTable)\n            : ((_e = (_d = pickleStep.argument) === null || _d === void 0 ? void 0 : _d.docString) === null || _e === void 0 ? void 0 : _e.content)\n                ? pickleStep.argument.docString.content\n                : undefined;\n        cy.then(() => {\n            internalProperties.currentStep = { pickleStep };\n            const start = createTimestamp();\n            messages.stack.push({\n                testStepStarted: {\n                    testStepId: pickleStep.id,\n                    testCaseStartedId,\n                    timestamp: start,\n                },\n            });\n            if (messages.enabled) {\n                cy.task(constants_1.TASK_TEST_STEP_STARTED, pickleStep.id, { log: false });\n            }\n            return cy.wrap(start, { log: false });\n        })\n            .then((start) => {\n            const ensureChain = (value) => Cypress.isCy(value) ? value : cy.wrap(value, { log: false });\n            try {\n                return ensureChain(registry.runStepDefininition(this, text, argument)).then((result) => {\n                    return {\n                        start,\n                        result,\n                    };\n                });\n            }\n            catch (e) {\n                if (e instanceof registry_1.MissingDefinitionError) {\n                    throw new Error(createMissingStepDefinitionMessage(context, text));\n                }\n                else {\n                    throw e;\n                }\n            }\n        })\n            .then(({ start, result }) => {\n            var _a, _b, _c;\n            const end = createTimestamp();\n            if (result === \"pending\") {\n                messages.stack.push({\n                    testStepFinished: {\n                        testStepId: pickleStep.id,\n                        testCaseStartedId,\n                        testStepResult: {\n                            status: Status.Pending,\n                            duration: duration(start, end),\n                        },\n                        timestamp: end,\n                    },\n                });\n                remainingSteps.shift();\n                for (const skippedStep of remainingSteps) {\n                    const testStepId = (0, assertions_1.assertAndReturn)((_b = (_a = skippedStep.hook) === null || _a === void 0 ? void 0 : _a.id) !== null && _b !== void 0 ? _b : (_c = skippedStep.pickleStep) === null || _c === void 0 ? void 0 : _c.id, \"Expected a step to either be a hook or a pickleStep\");\n                    messages.stack.push({\n                        testStepStarted: {\n                            testStepId,\n                            testCaseStartedId,\n                        },\n                    });\n                    messages.stack.push({\n                        testStepFinished: {\n                            testStepId,\n                            testCaseStartedId,\n                            testStepResult: {\n                                status: Status.Skipped,\n                            },\n                        },\n                    });\n                }\n                for (let i = 0, count = remainingSteps.length; i < count; i++) {\n                    remainingSteps.pop();\n                }\n                this.skip();\n            }\n            else {\n                messages.stack.push({\n                    testStepFinished: {\n                        testStepId: pickleStep.id,\n                        testCaseStartedId,\n                        testStepResult: {\n                            status: Status.Passed,\n                            duration: duration(start, end),\n                        },\n                        timestamp: end,\n                    },\n                });\n                remainingSteps.shift();\n            }\n        });\n    }\n}",
              "err": {},
              "uuid": "bae73fd8-9de8-452e-bb7d-6b04c3409c57",
              "parentUUID": "6ec06b11-30f1-44d8-ba57-59c3e120f731",
              "isHook": false,
              "skipped": false
            },
            {
              "title": "Search Details contains Address field",
              "fullTitle": "Search Results Details Should contain Phone, Email, Address and website data Search Details contains Address field",
              "timedOut": null,
              "duration": 1370,
              "state": "passed",
              "speed": "fast",
              "pass": true,
              "fail": false,
              "pending": false,
              "context": null,
              "code": "var _a, _b, _c, _d, _e;\nconst { remainingSteps, testCaseStartedId } = retrieveInternalProperties();\n(0, registry_1.assignRegistry)(registry);\nmessages.stack.push({\n    testCaseStarted: {\n        id: testCaseStartedId,\n        testCaseId,\n        attempt: attempt++,\n        timestamp: createTimestamp(),\n    },\n});\nwindow.testState = {\n    gherkinDocument,\n    pickles,\n    pickle,\n};\nfor (const step of steps) {\n    if (step.hook) {\n        const hook = step.hook;\n        cy.then(() => {\n            Cypress.log({\n                name: \"step\",\n                displayName: hook.keyword,\n                message: \"\",\n            });\n            const start = createTimestamp();\n            messages.stack.push({\n                testStepStarted: {\n                    testStepId: hook.id,\n                    testCaseStartedId,\n                    timestamp: start,\n                },\n            });\n            if (messages.enabled) {\n                cy.task(constants_1.TASK_TEST_STEP_STARTED, hook.id, { log: false });\n            }\n            return cy.wrap(start, { log: false });\n        })\n            .then((start) => {\n            registry.runHook(this, hook);\n            return cy.wrap(start, { log: false });\n        })\n            .then((start) => {\n            const end = createTimestamp();\n            messages.stack.push({\n                testStepFinished: {\n                    testStepId: hook.id,\n                    testCaseStartedId,\n                    testStepResult: {\n                        status: Status.Passed,\n                        duration: duration(start, end),\n                    },\n                    timestamp: end,\n                },\n            });\n            remainingSteps.shift();\n        });\n    }\n    else if (step.pickleStep) {\n        const pickleStep = step.pickleStep;\n        const text = (0, assertions_1.assertAndReturn)(pickleStep.text, \"Expected pickle step to have a text\");\n        const scenarioStep = (0, assertions_1.assertAndReturn)(astIdMap.get((0, assertions_1.assertAndReturn)((_a = pickleStep.astNodeIds) === null || _a === void 0 ? void 0 : _a[0], \"Expected to find at least one astNodeId\")), `Expected to find scenario step associated with id = ${(_b = pickleStep.astNodeIds) === null || _b === void 0 ? void 0 : _b[0]}`);\n        cy.then(() => {\n            Cypress.log({\n                name: \"step\",\n                displayName: (0, assertions_1.assertAndReturn)(\"keyword\" in scenarioStep && scenarioStep.keyword, \"Expected to find a keyword in the scenario step\"),\n                message: text,\n            });\n        });\n        const argument = ((_c = pickleStep.argument) === null || _c === void 0 ? void 0 : _c.dataTable)\n            ? new data_table_1.default(pickleStep.argument.dataTable)\n            : ((_e = (_d = pickleStep.argument) === null || _d === void 0 ? void 0 : _d.docString) === null || _e === void 0 ? void 0 : _e.content)\n                ? pickleStep.argument.docString.content\n                : undefined;\n        cy.then(() => {\n            internalProperties.currentStep = { pickleStep };\n            const start = createTimestamp();\n            messages.stack.push({\n                testStepStarted: {\n                    testStepId: pickleStep.id,\n                    testCaseStartedId,\n                    timestamp: start,\n                },\n            });\n            if (messages.enabled) {\n                cy.task(constants_1.TASK_TEST_STEP_STARTED, pickleStep.id, { log: false });\n            }\n            return cy.wrap(start, { log: false });\n        })\n            .then((start) => {\n            const ensureChain = (value) => Cypress.isCy(value) ? value : cy.wrap(value, { log: false });\n            try {\n                return ensureChain(registry.runStepDefininition(this, text, argument)).then((result) => {\n                    return {\n                        start,\n                        result,\n                    };\n                });\n            }\n            catch (e) {\n                if (e instanceof registry_1.MissingDefinitionError) {\n                    throw new Error(createMissingStepDefinitionMessage(context, text));\n                }\n                else {\n                    throw e;\n                }\n            }\n        })\n            .then(({ start, result }) => {\n            var _a, _b, _c;\n            const end = createTimestamp();\n            if (result === \"pending\") {\n                messages.stack.push({\n                    testStepFinished: {\n                        testStepId: pickleStep.id,\n                        testCaseStartedId,\n                        testStepResult: {\n                            status: Status.Pending,\n                            duration: duration(start, end),\n                        },\n                        timestamp: end,\n                    },\n                });\n                remainingSteps.shift();\n                for (const skippedStep of remainingSteps) {\n                    const testStepId = (0, assertions_1.assertAndReturn)((_b = (_a = skippedStep.hook) === null || _a === void 0 ? void 0 : _a.id) !== null && _b !== void 0 ? _b : (_c = skippedStep.pickleStep) === null || _c === void 0 ? void 0 : _c.id, \"Expected a step to either be a hook or a pickleStep\");\n                    messages.stack.push({\n                        testStepStarted: {\n                            testStepId,\n                            testCaseStartedId,\n                        },\n                    });\n                    messages.stack.push({\n                        testStepFinished: {\n                            testStepId,\n                            testCaseStartedId,\n                            testStepResult: {\n                                status: Status.Skipped,\n                            },\n                        },\n                    });\n                }\n                for (let i = 0, count = remainingSteps.length; i < count; i++) {\n                    remainingSteps.pop();\n                }\n                this.skip();\n            }\n            else {\n                messages.stack.push({\n                    testStepFinished: {\n                        testStepId: pickleStep.id,\n                        testCaseStartedId,\n                        testStepResult: {\n                            status: Status.Passed,\n                            duration: duration(start, end),\n                        },\n                        timestamp: end,\n                    },\n                });\n                remainingSteps.shift();\n            }\n        });\n    }\n}",
              "err": {},
              "uuid": "deb2fdd5-2b27-47a7-bd03-2dea5f50124e",
              "parentUUID": "6ec06b11-30f1-44d8-ba57-59c3e120f731",
              "isHook": false,
              "skipped": false
            },
            {
              "title": "Search Details contains Website field",
              "fullTitle": "Search Results Details Should contain Phone, Email, Address and website data Search Details contains Website field",
              "timedOut": null,
              "duration": 1492,
              "state": "passed",
              "speed": "fast",
              "pass": true,
              "fail": false,
              "pending": false,
              "context": null,
              "code": "var _a, _b, _c, _d, _e;\nconst { remainingSteps, testCaseStartedId } = retrieveInternalProperties();\n(0, registry_1.assignRegistry)(registry);\nmessages.stack.push({\n    testCaseStarted: {\n        id: testCaseStartedId,\n        testCaseId,\n        attempt: attempt++,\n        timestamp: createTimestamp(),\n    },\n});\nwindow.testState = {\n    gherkinDocument,\n    pickles,\n    pickle,\n};\nfor (const step of steps) {\n    if (step.hook) {\n        const hook = step.hook;\n        cy.then(() => {\n            Cypress.log({\n                name: \"step\",\n                displayName: hook.keyword,\n                message: \"\",\n            });\n            const start = createTimestamp();\n            messages.stack.push({\n                testStepStarted: {\n                    testStepId: hook.id,\n                    testCaseStartedId,\n                    timestamp: start,\n                },\n            });\n            if (messages.enabled) {\n                cy.task(constants_1.TASK_TEST_STEP_STARTED, hook.id, { log: false });\n            }\n            return cy.wrap(start, { log: false });\n        })\n            .then((start) => {\n            registry.runHook(this, hook);\n            return cy.wrap(start, { log: false });\n        })\n            .then((start) => {\n            const end = createTimestamp();\n            messages.stack.push({\n                testStepFinished: {\n                    testStepId: hook.id,\n                    testCaseStartedId,\n                    testStepResult: {\n                        status: Status.Passed,\n                        duration: duration(start, end),\n                    },\n                    timestamp: end,\n                },\n            });\n            remainingSteps.shift();\n        });\n    }\n    else if (step.pickleStep) {\n        const pickleStep = step.pickleStep;\n        const text = (0, assertions_1.assertAndReturn)(pickleStep.text, \"Expected pickle step to have a text\");\n        const scenarioStep = (0, assertions_1.assertAndReturn)(astIdMap.get((0, assertions_1.assertAndReturn)((_a = pickleStep.astNodeIds) === null || _a === void 0 ? void 0 : _a[0], \"Expected to find at least one astNodeId\")), `Expected to find scenario step associated with id = ${(_b = pickleStep.astNodeIds) === null || _b === void 0 ? void 0 : _b[0]}`);\n        cy.then(() => {\n            Cypress.log({\n                name: \"step\",\n                displayName: (0, assertions_1.assertAndReturn)(\"keyword\" in scenarioStep && scenarioStep.keyword, \"Expected to find a keyword in the scenario step\"),\n                message: text,\n            });\n        });\n        const argument = ((_c = pickleStep.argument) === null || _c === void 0 ? void 0 : _c.dataTable)\n            ? new data_table_1.default(pickleStep.argument.dataTable)\n            : ((_e = (_d = pickleStep.argument) === null || _d === void 0 ? void 0 : _d.docString) === null || _e === void 0 ? void 0 : _e.content)\n                ? pickleStep.argument.docString.content\n                : undefined;\n        cy.then(() => {\n            internalProperties.currentStep = { pickleStep };\n            const start = createTimestamp();\n            messages.stack.push({\n                testStepStarted: {\n                    testStepId: pickleStep.id,\n                    testCaseStartedId,\n                    timestamp: start,\n                },\n            });\n            if (messages.enabled) {\n                cy.task(constants_1.TASK_TEST_STEP_STARTED, pickleStep.id, { log: false });\n            }\n            return cy.wrap(start, { log: false });\n        })\n            .then((start) => {\n            const ensureChain = (value) => Cypress.isCy(value) ? value : cy.wrap(value, { log: false });\n            try {\n                return ensureChain(registry.runStepDefininition(this, text, argument)).then((result) => {\n                    return {\n                        start,\n                        result,\n                    };\n                });\n            }\n            catch (e) {\n                if (e instanceof registry_1.MissingDefinitionError) {\n                    throw new Error(createMissingStepDefinitionMessage(context, text));\n                }\n                else {\n                    throw e;\n                }\n            }\n        })\n            .then(({ start, result }) => {\n            var _a, _b, _c;\n            const end = createTimestamp();\n            if (result === \"pending\") {\n                messages.stack.push({\n                    testStepFinished: {\n                        testStepId: pickleStep.id,\n                        testCaseStartedId,\n                        testStepResult: {\n                            status: Status.Pending,\n                            duration: duration(start, end),\n                        },\n                        timestamp: end,\n                    },\n                });\n                remainingSteps.shift();\n                for (const skippedStep of remainingSteps) {\n                    const testStepId = (0, assertions_1.assertAndReturn)((_b = (_a = skippedStep.hook) === null || _a === void 0 ? void 0 : _a.id) !== null && _b !== void 0 ? _b : (_c = skippedStep.pickleStep) === null || _c === void 0 ? void 0 : _c.id, \"Expected a step to either be a hook or a pickleStep\");\n                    messages.stack.push({\n                        testStepStarted: {\n                            testStepId,\n                            testCaseStartedId,\n                        },\n                    });\n                    messages.stack.push({\n                        testStepFinished: {\n                            testStepId,\n                            testCaseStartedId,\n                            testStepResult: {\n                                status: Status.Skipped,\n                            },\n                        },\n                    });\n                }\n                for (let i = 0, count = remainingSteps.length; i < count; i++) {\n                    remainingSteps.pop();\n                }\n                this.skip();\n            }\n            else {\n                messages.stack.push({\n                    testStepFinished: {\n                        testStepId: pickleStep.id,\n                        testCaseStartedId,\n                        testStepResult: {\n                            status: Status.Passed,\n                            duration: duration(start, end),\n                        },\n                        timestamp: end,\n                    },\n                });\n                remainingSteps.shift();\n            }\n        });\n    }\n}",
              "err": {},
              "uuid": "1c563e1e-2f8a-4b9e-93e6-afeb807fd486",
              "parentUUID": "6ec06b11-30f1-44d8-ba57-59c3e120f731",
              "isHook": false,
              "skipped": false
            }
          ],
          "suites": [],
          "passes": [
            "28cd7c9c-915f-4317-b6a8-cbb0b765950f",
            "bae73fd8-9de8-452e-bb7d-6b04c3409c57",
            "deb2fdd5-2b27-47a7-bd03-2dea5f50124e",
            "1c563e1e-2f8a-4b9e-93e6-afeb807fd486"
          ],
          "failures": [],
          "pending": [],
          "skipped": [],
          "duration": 7712,
          "root": false,
          "rootEmpty": false,
          "_timeout": 2000
        }
      ],
      "passes": [],
      "failures": [],
      "pending": [],
      "skipped": [],
      "duration": 0,
      "root": true,
      "rootEmpty": true,
      "_timeout": 2000
    }
  ],
  "meta": {
    "mocha": {
      "version": "7.0.1"
    },
    "mochawesome": {
      "options": {
        "quiet": false,
        "reportFilename": "mochawesome",
        "saveHtml": false,
        "saveJson": true,
        "consoleReporter": "spec",
        "useInlineDiffs": false,
        "code": true
      },
      "version": "7.1.3"
    },
    "marge": {
      "options": {
        "id": "default",
        "reportDir": "cypress\\reports\\.jsons",
        "charts": true,
        "reportPageTitle": "My Test Suite",
        "embeddedScreenshots": true,
        "inlineAssets": true,
        "overwrite": false,
        "html": false,
        "json": true
      },
      "version": "6.2.0"
    }
  }
}