{
  "stats": {
    "suites": 0,
    "tests": 1,
    "passes": 0,
    "pending": 0,
    "failures": 1,
    "start": "2022-12-22T14:58:29.331Z",
    "end": "2022-12-22T14:58:29.554Z",
    "duration": 223,
    "testsRegistered": 1,
    "passPercent": 0,
    "pendingPercent": 0,
    "other": 0,
    "hasOther": false,
    "skipped": 0,
    "hasSkipped": false
  },
  "results": [
    {
      "uuid": "9f62f004-c56a-4030-8bcd-1ee86f2b6515",
      "title": "",
      "fullFile": "cypress\\e2e\\fhg1395_removefilter.feature",
      "file": "cypress\\e2e\\fhg1395_removefilter.feature",
      "beforeHooks": [],
      "afterHooks": [],
      "tests": [
        {
          "title": "An uncaught error was detected outside of a test",
          "fullTitle": "An uncaught error was detected outside of a test",
          "timedOut": null,
          "duration": 174,
          "state": "failed",
          "speed": null,
          "pass": false,
          "fail": true,
          "pending": false,
          "context": "{\n  \"title\": \"cypress-mochawesome-reporter-screenshots\",\n  \"value\": [\n    [\n      {\n        \"title\": \"Failed screenshot\",\n        \"value\": \"\\\\fhg1395_removefilter.feature\\\\An uncaught error was detected outside of a test (failed).png\"\n      }\n    ]\n  ]\n}",
          "code": "throw err;",
          "err": {
            "message": "Error: The following error originated from your test code, not from Cypress.\n\n  > This Cucumber Expression has a problem at column 41:\n\nthe user should see the language filter {language}\n                                        ^--------^\nUndefined parameter type 'language'.\nPlease register a ParameterType for 'language'\n\nWhen Cypress detects uncaught errors originating from your test code it will automatically fail the current test.\n\nCypress could not associate this error to any specific test.\n\nWe dynamically generated a new test to display this failure.",
            "estack": "Error: The following error originated from your test code, not from Cypress.\n\n  > This Cucumber Expression has a problem at column 41:\n\nthe user should see the language filter {language}\n                                        ^--------^\nUndefined parameter type 'language'.\nPlease register a ParameterType for 'language'\n\nWhen Cypress detects uncaught errors originating from your test code it will automatically fail the current test.\n\nCypress could not associate this error to any specific test.\n\nWe dynamically generated a new test to display this failure.\n    at UndefinedParameterTypeError.CucumberExpressionError [as constructor] (webpack://fh-referral-ui/./node_modules/@cucumber/cucumber-expressions/dist/cjs/src/CucumberExpressionError.js:21:0)\n    at new UndefinedParameterTypeError (webpack://fh-referral-ui/./node_modules/@cucumber/cucumber-expressions/dist/cjs/src/Errors.js:109:0)\n    at createUndefinedParameterType (webpack://fh-referral-ui/./node_modules/@cucumber/cucumber-expressions/dist/cjs/src/Errors.js:117:0)\n    at __webpack_modules__../node_modules/@cucumber/cucumber-expressions/dist/cjs/src/CucumberExpression.js.CucumberExpression.rewriteParameter (webpack://fh-referral-ui/./node_modules/@cucumber/cucumber-expressions/dist/cjs/src/CucumberExpression.js:104:0)\n    at __webpack_modules__../node_modules/@cucumber/cucumber-expressions/dist/cjs/src/CucumberExpression.js.CucumberExpression.rewriteToRegex (webpack://fh-referral-ui/./node_modules/@cucumber/cucumber-expressions/dist/cjs/src/CucumberExpression.js:48:0)\n    at eval (webpack://fh-referral-ui/./node_modules/@cucumber/cucumber-expressions/dist/cjs/src/CucumberExpression.js:115:61)\n    at Array.map (<anonymous>)\n    at __webpack_modules__../node_modules/@cucumber/cucumber-expressions/dist/cjs/src/CucumberExpression.js.CucumberExpression.rewriteExpression (webpack://fh-referral-ui/./node_modules/@cucumber/cucumber-expressions/dist/cjs/src/CucumberExpression.js:115:0)\n    at __webpack_modules__../node_modules/@cucumber/cucumber-expressions/dist/cjs/src/CucumberExpression.js.CucumberExpression.rewriteToRegex (webpack://fh-referral-ui/./node_modules/@cucumber/cucumber-expressions/dist/cjs/src/CucumberExpression.js:50:0)\n    at new CucumberExpression (webpack://fh-referral-ui/./node_modules/@cucumber/cucumber-expressions/dist/cjs/src/CucumberExpression.js:34:0)",
            "diff": null
          },
          "uuid": "9182f958-1bdc-489c-af4a-d3c4fd596ac1",
          "parentUUID": "9f62f004-c56a-4030-8bcd-1ee86f2b6515",
          "isHook": false,
          "skipped": false
        }
      ],
      "suites": [],
      "passes": [],
      "failures": [
        "9182f958-1bdc-489c-af4a-d3c4fd596ac1"
      ],
      "pending": [],
      "skipped": [],
      "duration": 174,
      "root": true,
      "rootEmpty": false,
      "_timeout": 2000
    }
  ],
  "meta": {
    "mocha": {
      "version": "7.0.1"
    },
    "mochawesome": {
      "options": {
        "quiet": false,
        "reportFilename": "mochawesome",
        "saveHtml": false,
        "saveJson": true,
        "consoleReporter": "spec",
        "useInlineDiffs": false,
        "code": true
      },
      "version": "7.1.3"
    },
    "marge": {
      "options": {
        "id": "default",
        "reportDir": "cypress\\reports\\.jsons",
        "charts": true,
        "reportPageTitle": "My Test Suite",
        "embeddedScreenshots": true,
        "inlineAssets": true,
        "overwrite": false,
        "html": false,
        "json": true
      },
      "version": "6.2.0"
    }
  }
}